<?xml version="1.0" encoding="UTF-8"?>
<testng-results ignored="0" total="1" passed="1" failed="0" skipped="0">
  <reporter-output>
  </reporter-output>
  <suite started-at="2024-02-29T21:01:13 AEDT" name="Default suite" finished-at="2024-02-29T21:01:27 AEDT" duration-ms="14223">
    <groups>
    </groups>
    <test started-at="2024-02-29T21:01:13 AEDT" name="Default test" finished-at="2024-02-29T21:01:27 AEDT" duration-ms="14223">
      <class name="btvn.Buoi12">
        <test-method is-config="true" signature="beforeTest()[pri:0, instance:btvn.Buoi12@f0da945]" started-at="2024-02-29T21:01:13 AEDT" name="beforeTest" finished-at="2024-02-29T21:01:21 AEDT" duration-ms="8055" status="PASS">
          <reporter-output>
          </reporter-output>
        </test-method> <!-- beforeTest -->
        <test-method signature="testState()[pri:0, instance:btvn.Buoi12@f0da945]" started-at="2024-02-29T21:01:21 AEDT" name="testState" finished-at="2024-02-29T21:01:27 AEDT" duration-ms="6132" status="PASS">
          <reporter-output>
          </reporter-output>
        </test-method> <!-- testState -->
        <test-method is-config="true" signature="afterTest()[pri:0, instance:btvn.Buoi12@f0da945]" started-at="2024-02-29T21:01:27 AEDT" name="afterTest" finished-at="2024-02-29T21:01:27 AEDT" duration-ms="1" status="PASS">
          <reporter-output>
          </reporter-output>
        </test-method> <!-- afterTest -->
      </class> <!-- btvn.Buoi12 -->
    </test> <!-- Default test -->
  </suite> <!-- Default suite -->
</testng-results>
